<?xml version="1.0" encoding="UTF-8"?>
<!-- Generated by org.testng.reporters.JUnitReportReporter -->
<testsuite skipped="0" hostname="DESKTOP-JMSEGEJ" name="verifyTitle.day5part2" tests="1" failures="0" timestamp="11 Dec 2019 22:14:20 GMT" time="51.887" errors="0">
  <testcase name="f" time="51.887" classname="verifyTitle.day5part2"/>
</testsuite> <!-- verifyTitle.day5part2 -->
