<?xml version="1.0" encoding="UTF-8"?>
<!-- Generated by org.testng.reporters.JUnitReportReporter -->
<testsuite skipped="0" hostname="DESKTOP-JMSEGEJ" name="verifyTitle.Day2" tests="2" failures="0" timestamp="10 Nov 2019 21:31:48 GMT" time="66.489" errors="0">
  <testcase name="Sony" time="33.137" classname="verifyTitle.Day2"/>
  <testcase name="Iphone" time="33.352" classname="verifyTitle.Day2"/>
</testsuite> <!-- verifyTitle.Day2 -->
