<?xml version="1.0" encoding="UTF-8"?>
<!-- Generated by org.testng.reporters.JUnitReportReporter -->
<testsuite skipped="0" hostname="DESKTOP-JMSEGEJ" name="verifyTitle.day1" tests="1" failures="0" timestamp="10 Nov 2019 22:09:10 GMT" time="27.178" errors="0">
  <testcase name="test" time="27.178" classname="verifyTitle.day1"/>
</testsuite> <!-- verifyTitle.day1 -->
