<?xml version="1.0" encoding="UTF-8"?>
<!-- Generated by org.testng.reporters.JUnitReportReporter -->
<testsuite skipped="0" hostname="DESKTOP-JMSEGEJ" name="verifyTitle.day5part2Test" tests="1" failures="0" timestamp="11 Dec 2019 22:24:07 GMT" time="38.131" errors="0">
  <testcase name="f" time="38.131" classname="verifyTitle.day5part2Test"/>
</testsuite> <!-- verifyTitle.day5part2Test -->
